<?xml version="1.0" encoding="UTF-8"?>
<!-- Generated by org.testng.reporters.JUnitReportReporter -->
<testsuite hostname="DESKTOP-VSODO1F" failures="1" tests="1" name="test.ValidatePolicyUserName" time="43.272" errors="0" timestamp="2023-07-05T11:25:21 IST" skipped="0">
  <testcase classname="test.ValidatePolicyUserName" name="validateUserName" time="43.272">
    <failure message="Both are matching Tc is failed expected [Neha Narayan Sawant] but found [Neha Narayan ]" type="java.lang.AssertionError">
      <![CDATA[java.lang.AssertionError: Both are matching Tc is failed expected [Neha Narayan Sawant] but found [Neha Narayan ]
at org.testng.Assert.fail(Assert.java:111)
at org.testng.Assert.failNotEquals(Assert.java:1578)
at org.testng.Assert.assertEqualsImpl(Assert.java:150)
at org.testng.Assert.assertEquals(Assert.java:132)
at org.testng.Assert.assertEquals(Assert.java:656)
at test.ValidatePolicyUserName.validateUserName(ValidatePolicyUserName.java:85)
at java.base/jdk.internal.reflect.NativeMethodAccessorImpl.invoke0(Native Method)
at java.base/jdk.internal.reflect.NativeMethodAccessorImpl.invoke(NativeMethodAccessorImpl.java:77)
at java.base/jdk.internal.reflect.DelegatingMethodAccessorImpl.invoke(DelegatingMethodAccessorImpl.java:43)
at java.base/java.lang.reflect.Method.invoke(Method.java:568)
at org.testng.internal.invokers.MethodInvocationHelper.invokeMethod(MethodInvocationHelper.java:139)
at org.testng.internal.invokers.TestInvoker.invokeMethod(TestInvoker.java:664)
at org.testng.internal.invokers.TestInvoker.invokeTestMethod(TestInvoker.java:227)
at org.testng.internal.invokers.MethodRunner.runInSequence(MethodRunner.java:50)
at org.testng.internal.invokers.TestInvoker$MethodInvocationAgent.invoke(TestInvoker.java:957)
at org.testng.internal.invokers.TestInvoker.invokeTestMethods(TestInvoker.java:200)
at org.testng.internal.invokers.TestMethodWorker.invokeTestMethods(TestMethodWorker.java:148)
at org.testng.internal.invokers.TestMethodWorker.run(TestMethodWorker.java:128)
at java.base/java.util.ArrayList.forEach(ArrayList.java:1511)
at org.testng.TestRunner.privateRun(TestRunner.java:848)
at org.testng.TestRunner.run(TestRunner.java:621)
at org.testng.SuiteRunner.runTest(SuiteRunner.java:443)
at org.testng.SuiteRunner.runSequentially(SuiteRunner.java:437)
at org.testng.SuiteRunner.privateRun(SuiteRunner.java:397)
at org.testng.SuiteRunner.run(SuiteRunner.java:336)
at org.testng.SuiteRunnerWorker.runSuite(SuiteRunnerWorker.java:52)
at org.testng.SuiteRunnerWorker.run(SuiteRunnerWorker.java:95)
at org.testng.TestNG.runSuitesSequentially(TestNG.java:1280)
at org.testng.TestNG.runSuitesLocally(TestNG.java:1200)
at org.testng.TestNG.runSuites(TestNG.java:1114)
at org.testng.TestNG.run(TestNG.java:1082)
at org.apache.maven.surefire.testng.TestNGExecutor.run(TestNGExecutor.java:308)
at org.apache.maven.surefire.testng.TestNGXmlTestSuite.execute(TestNGXmlTestSuite.java:71)
at org.apache.maven.surefire.testng.TestNGProvider.invoke(TestNGProvider.java:113)
at org.apache.maven.surefire.booter.ForkedBooter.runSuitesInProcess(ForkedBooter.java:385)
at org.apache.maven.surefire.booter.ForkedBooter.execute(ForkedBooter.java:162)
at org.apache.maven.surefire.booter.ForkedBooter.run(ForkedBooter.java:507)
at org.apache.maven.surefire.booter.ForkedBooter.main(ForkedBooter.java:495)
]]>
    </failure>
    <system-out>
      <![CDATA[Test validateUserName execution starting
Reading data from excel0and cell num2
Waiting for1000millisec.
Getting actual username
Waiting for4000millisec.
Screenshot is stored in location :C:\Users\Narayan\eclipse-workspace\MavenProject\Screenshot\validateUserName.png
This validateUserName method is failed ,Plz try again]]>
    </system-out>
  </testcase> <!-- validateUserName -->
  <system-out>
    <![CDATA[Waiting for1000millisec.
Launching browser
Waiting for2000millisec.
Clicking on HomePageSignInButton 
Waiting for2000millisec.
Reading data from excel0and cell num0
Entering Mobile No.
Waiting for2000millisec.
Signing in with PW
Waiting for2000millisec.
Reading data from excel0and cell num1
Entering Password
Waiting for2000millisec.
Clicking on sign In PW
Waiting for2000millisec.
Clicking on My Account button
Waiting for3000millisec.
Clicking on my profile
Waiting for2000millisec.
Switching on profile page
Waiting for1000millisec.
Test validateUserName execution starting
Reading data from excel0and cell num2
Waiting for1000millisec.
Getting actual username
Waiting for4000millisec.
Screenshot is stored in location :C:\Users\Narayan\eclipse-workspace\MavenProject\Screenshot\validateUserName.png
This validateUserName method is failed ,Plz try again
Waiting for2000millisec.
Clicking on logout
Closing browser]]>
  </system-out>
</testsuite> <!-- test.ValidatePolicyUserName -->
